5.0065 	WARNING 	We strongly recommend you activate the PTB sound engine in PsychoPy prefs as the preferred audio engine. Its timing is vastly superior. Your prefs are currently set to use ['sounddevice', 'PTB', 'pyo', 'pygame'] (in that order).
15.1275 	WARNING 	User requested fullscreen with size [1024  768], but screen is actually [1920, 1080]. Using actual size
17.4353 	EXP 	Created window1 = Window(allowGUI=True, allowStencil=False, autoLog=True, backendConf=UNKNOWN, bitsMode=UNKNOWN, blendMode='avg', bpc=(8, 8, 8), color=array([0, 0, 0]), colorSpace='rgb', depthBits=8, fullscr=<method-wrapper '__getattribute__' of attributeSetter object at 0x000001A129FCA130>, gamma=None, gammaErrorPolicy='raise', lms=UNKNOWN, monitor=<psychopy.monitors.calibTools.Monitor object at 0x000001A12B0963D0>, multiSample=False, name='window1', numSamples=2, pos=(0, 0), screen=0, size=array([1920, 1080]), stencilBits=0, stereo=False, units='height', useFBO=True, useRetina=False, viewOri=0.0, viewPos=None, viewScale=None, waitBlanking=True, winType='pyglet')
17.4354 	EXP 	window1: mouseVisible = True
17.4356 	EXP 	window1: mouseVisible = False
17.4356 	EXP 	window1: Attempting to measure frame rate of screen (0) ...
17.4356 	EXP 	window1: recordFrameIntervals = False
17.6012 	EXP 	window1: recordFrameIntervals = True
17.7853 	EXP 	Screen (0) actual frame rate measured at 59.75Hz
17.7854 	EXP 	window1: recordFrameIntervals = False
22.3405 	EXP 	Created fixation = ShapeStim(__class__=<class 'psychopy.visual.shape.ShapeStim'>, anchor=('center', 'center'), autoDraw=False, autoLog=True, closeShape=True, color=method-wrapper(...), colorSpace='rgb', contrast=None, depth=0.0, fillColor=array([1, 1, 1]), fillColorSpace='rgb', fillRGB=array([1, 1, 1]), interpolate=True, lineColor=array([1, 1, 1]), lineColorSpace='rgb', lineRGB=array([1, 1, 1]), lineWidth=1.0, name='fixation', opacity=1.0, ori=0.0, pos=array([0., 0.]), size=array([0.05, 0.05]), units='height', vertices=ndarray(...), win=Window(...), windingRule=None)
22.8228 	EXP 	Created text = TextStim(__class__=<class 'psychopy.visual.text.TextStim'>, alignHoriz=method-wrapper(...), alignText='center', alignVert=method-wrapper(...), anchorHoriz='center', anchorVert='center', antialias=True, autoDraw=False, autoLog=True, bold=False, color=array([1, 1, 1]), colorSpace='rgb', contrast=1.0, depth=-1.0, flipHoriz=False, flipVert=False, font='Open Sans', fontFiles=[], height=0.05, italic=False, languageStyle='LTR', name='text', opacity=1.0, ori=0.0, pos=array([0., 0.]), rgb=UNKNOWN, text='', units='height', win=Window(...), wrapWidth=1)
22.8296 	EXP 	Imported C:/Users/hp/Desktop/PSY310 LAB IN PSYCH/TUT_6/conditions_file.xlsx as conditions, 7 conditions, 3 params
22.8319 	EXP 	Created sequence: random, trialTypes=7, nReps=1, seed=None
22.8323 	EXP 	New trial (rep=0, index=0): {'reward_today': 15, 'future_reward': 35, 'delay': 13}
23.1632 	EXP 	text: height = 0.05
23.1632 	EXP 	text: height = 0.05
23.1632 	EXP 	text: height = 0.05
23.1632 	EXP 	text: text = 'GBP 15 today or  GBP 35 after 13 days '
23.1632 	EXP 	fixation: autoDraw = True
23.8510 	EXP 	text: autoDraw = True
24.1676 	EXP 	fixation: autoDraw = False
26.6310 	EXP 	New trial (rep=0, index=1): {'reward_today': 27, 'future_reward': 50, 'delay': 21}
26.6513 	DATA 	Keypress: l
26.6629 	EXP 	fixation: autoDraw = False
26.6629 	EXP 	text: autoDraw = False
26.6629 	EXP 	text: height = 0.05
26.6629 	EXP 	text: height = 0.05
26.6629 	EXP 	text: height = 0.05
26.6629 	EXP 	text: text = 'GBP 27 today or  GBP 50 after 21 days '
26.6629 	EXP 	fixation: autoDraw = True
27.6462 	EXP 	text: autoDraw = True
27.6628 	EXP 	fixation: autoDraw = False
29.2136 	EXP 	New trial (rep=0, index=2): {'reward_today': 78, 'future_reward': 80, 'delay': 162}
29.2245 	DATA 	Keypress: l
29.2299 	EXP 	fixation: autoDraw = False
29.2299 	EXP 	text: autoDraw = False
29.2299 	EXP 	text: height = 0.05
29.2299 	EXP 	text: height = 0.05
29.2299 	EXP 	text: height = 0.05
29.2299 	EXP 	text: text = 'GBP 78 today or  GBP 80 after 162 days '
29.2299 	EXP 	fixation: autoDraw = True
30.2291 	EXP 	text: autoDraw = True
30.2457 	EXP 	fixation: autoDraw = False
32.1988 	EXP 	New trial (rep=0, index=3): {'reward_today': 11, 'future_reward': 30, 'delay': 7}
32.2088 	DATA 	Keypress: t
32.2150 	EXP 	fixation: autoDraw = False
32.2150 	EXP 	text: autoDraw = False
32.2150 	EXP 	text: height = 0.05
32.2150 	EXP 	text: height = 0.05
32.2150 	EXP 	text: height = 0.05
32.2150 	EXP 	text: text = 'GBP 11 today or  GBP 30 after 7 days '
32.2150 	EXP 	fixation: autoDraw = True
33.2002 	EXP 	text: autoDraw = True
33.2167 	EXP 	fixation: autoDraw = False
35.2527 	EXP 	New trial (rep=0, index=4): {'reward_today': 49, 'future_reward': 60, 'delay': 89}
35.2740 	DATA 	Keypress: l
35.2795 	EXP 	fixation: autoDraw = False
35.2795 	EXP 	text: autoDraw = False
35.2795 	EXP 	text: height = 0.05
35.2795 	EXP 	text: height = 0.05
35.2795 	EXP 	text: height = 0.05
35.2795 	EXP 	text: text = 'GBP 49 today or  GBP 60 after 89 days '
35.2795 	EXP 	fixation: autoDraw = True
36.2624 	EXP 	text: autoDraw = True
36.2789 	EXP 	fixation: autoDraw = False
38.6485 	EXP 	New trial (rep=0, index=5): {'reward_today': 67, 'future_reward': 75, 'delay': 119}
38.6576 	DATA 	Keypress: l
38.6631 	EXP 	fixation: autoDraw = False
38.6631 	EXP 	text: autoDraw = False
38.6631 	EXP 	text: height = 0.05
38.6631 	EXP 	text: height = 0.05
38.6631 	EXP 	text: height = 0.05
38.6631 	EXP 	text: text = 'GBP 67 today or  GBP 75 after 119 days '
38.6631 	EXP 	fixation: autoDraw = True
39.6621 	EXP 	text: autoDraw = True
39.6788 	EXP 	fixation: autoDraw = False
41.6482 	EXP 	New trial (rep=0, index=6): {'reward_today': 40, 'future_reward': 55, 'delay': 62}
41.6571 	DATA 	Keypress: t
41.6626 	EXP 	fixation: autoDraw = False
41.6626 	EXP 	text: autoDraw = False
41.6626 	EXP 	text: height = 0.05
41.6626 	EXP 	text: height = 0.05
41.6626 	EXP 	text: height = 0.05
41.6626 	EXP 	text: text = 'GBP 40 today or  GBP 55 after 62 days '
41.6626 	EXP 	fixation: autoDraw = True
42.6619 	EXP 	fixation: autoDraw = False
42.6619 	EXP 	text: autoDraw = True
45.5356 	DATA 	Keypress: l
45.5490 	EXP 	fixation: autoDraw = False
45.5490 	EXP 	text: autoDraw = False
45.7583 	EXP 	window1: mouseVisible = True
